make all --print-data-base --no-builtin-variables --no-builtin-rules --question
# GNU Make 3.81
# Copyright (C) 2006  Free Software Foundation, Inc.
# This is free software; see the source for copying conditions.
# There is NO warranty; not even for MERCHANTABILITY or FITNESS FOR A
# PARTICULAR PURPOSE.

# This program built for i386-apple-darwin11.3.0
 

# Make data base, printed on Mon Apr 17 10:51:32 2023

# Variables

# automatic
<D = $(patsubst %/,%,$(dir $<))
# automatic
?F = $(notdir $?)
# environment
ELECTRON_NO_ATTACH_CONSOLE = 1
# environment
VSCODE_CRASH_REPORTER_PROCESS_TYPE = extensionHost
# automatic
?D = $(patsubst %/,%,$(dir $?))
 
# automatic
@D = $(patsubst %/,%,$(dir $@))
# automatic
@F = $(notdir $@)
# makefile
CURDIR := /Users/camille/Desktop/42_ft_irc
# makefile
SHELL = /bin/sh
# environment
VSCODE_NLS_CONFIG = {"locale":"en-au","availableLanguages":{},"_languagePackSupport":true}
# environment
_ = /usr/bin/make
# makefile (from `Makefile', line 22)
CFLAGS = -Wall -Werror -Wextra -std=c++98 -fsanitize=address -g3
# makefile (from `Makefile', line 1)
MAKEFILE_LIST :=  Makefile
# environment
__CFBundleIdentifier = com.microsoft.VSCode
# makefile (from `Makefile', line 19)
OBJS_PATH = objects/
# environment
VSCODE_CWD = /Users/camille/Desktop/42_ft_irc
# environment
PATH = /usr/local/bin:/usr/bin:/bin:/usr/sbin:/sbin:/Library/Apple/usr/bin
# environment
LSCOLORS = Gxfxcxdxbxegedabagacad
# environment
LaunchInstanceID = 53FA6AC7-35BA-4D65-91D7-E5B3B1D9771D
# environment
ELECTRON_RUN_AS_NODE = 1
# default
.FEATURES := target-specific order-only second-expansion else-if archives jobserver check-symlink
# environment
SSH_AUTH_SOCK = /private/tmp/com.apple.launchd.RZpdRo1TGh/Listeners
# automatic
%F = $(notdir $%)
# makefile (from `Makefile', line 20)
OBJS = ${addprefix ${OBJS_PATH}, ${SRCS:.cpp=.o}}
# environment
PWD = /Users/camille/Desktop/42_ft_irc
# environment
ORIGINAL_XDG_CURRENT_DESKTOP = undefined
# environment
VSCODE_AMD_ENTRYPOINT = vs/workbench/api/node/extensionHostProcess
# environment
HOME = /Users/camille
# default
MAKEFILEPATH := /Applications/Xcode.app/Contents/Developer/Makefiles
# environment
VSCODE_CLI = 1
# environment
VSCODE_CODE_CACHE_PATH = /Users/camille/Library/Application Support/Code/CachedData/ee2b180d582a7f601fa6ecfdad8d9fd269ab1884
# environment
LOGNAME = camille
# environment
APPLICATION_INSIGHTS_NO_DIAGNOSTIC_CHANNEL = 1
# environment
ZSH = /Users/camille/.oh-my-zsh
# environment
VSCODE_HANDLES_UNCAUGHT_ERRORS = true
# automatic
^D = $(patsubst %/,%,$(dir $^))
# environment
XPC_FLAGS = 0x0
# default
MAKE = $(MAKE_COMMAND)
# default
MAKECMDGOALS := all
# makefile (from `Makefile', line 3)
SRCS = srcs/main.cpp srcs/function_utils.cpp srcs/server.cpp srcs/client.cpp srcs/client_commands.cpp srcs/channel.cpp srcs/channel_commands/join.cpp srcs/channel_commands/privmsg.cpp srcs/channel_commands/part.cpp srcs/channel_commands/topic.cpp srcs/channel_commands/list.cpp srcs/connection_commands/quit.cpp 
# environment
SHLVL = 3
# makefile (from `Makefile', line 17)
CC = c++
# default
MAKE_VERSION := 3.81
# environment
USER = camille
# makefile
.DEFAULT_GOAL := all
# environment
TERM_SESSION_ID = EB3B3182-CDC2-44CC-8094-D7F1F7CA221B
# makefile (from `Makefile', line 1)
NAME = ircserv
# environment
LESS = -R
# automatic
%D = $(patsubst %/,%,$(dir $%))
# default
MAKE_COMMAND := /Applications/Xcode.app/Contents/Developer/usr/bin/make
# environment
TERM_PROGRAM = Apple_Terminal
# default
.VARIABLES := 
# environment
TMPDIR = /var/folders/q6/xh_3x3w130j53vj90m_vnq500000gn/T/
# automatic
*F = $(notdir $*)
# environment
VSCODE_IPC_HOOK = /Users/camille/Library/Application Support/Code/1.76-main.sock
# environment
MallocNanoZone = 0
# makefile
MAKEFLAGS = Rrqp
# environment
MFLAGS = -Rrqp
# automatic
*D = $(patsubst %/,%,$(dir $*))
# environment
TERM_PROGRAM_VERSION = 440
# environment
XPC_SERVICE_NAME = application.com.microsoft.VSCode.87430031.87430037.2F758AAC-C4C3-4E65-A6C9-18CE7937799C
# automatic
+D = $(patsubst %/,%,$(dir $+))
# environment
VSCODE_L10N_BUNDLE_LOCATION = 
# automatic
+F = $(notdir $+)
# environment
__CF_USER_TEXT_ENCODING = 0x1F5:0x0:0xF
# environment
COMMAND_MODE = unix2003
# default
MAKEFILES := 
# automatic
<F = $(notdir $<)
# environment
PAGER = less
# environment
LC_ALL = C
# environment
SECURITYSESSIONID = 186ac
# automatic
^F = $(notdir $^)
# default
SUFFIXES := 
# default
.INCLUDE_DIRS = /usr/local/include
# environment
MAKELEVEL := 0
# environment
LANG = C
# environment
TERM = xterm-256color
# environment
VSCODE_PID = 1476
# variable set hash-table stats:
# Load=78/1024=8%, Rehash=0, Collisions=6/116=5%

# Pattern-specific Variable Values

# No pattern-specific variable values.

# Directories

# . (device 16777220, inode 88814978): 11 files, no impossibilities.
# srcs/channel_commands (device 16777220, inode 88868547): 7 files, no impossibilities so far.
# srcs (device 16777220, inode 88815096): 10 files, no impossibilities so far.

# 28 files, no impossibilities in 3 directories.

# Implicit Rules

objects/%.o: %.cpp
#  commands to execute (from `Makefile', line 32):
	@mkdir -p $(dir $@)
	${CC} ${CFLAGS} -c $< -o $@ ${INCLUDES}
	

# 1 implicit rules, 0 (0.0%) terminal.

# Files

# Not a target:
srcs/channel_commands/join.cpp:
#  Implicit rule search has been done.
#  Last modified 2023-04-17 10:45:21
 
#  File has been updated.
#  Successfully updated.
# variable set hash-table stats:
# Load=0/32=0%, Rehash=0, Collisions=0/0=0%

objects/srcs/channel_commands/privmsg.o: srcs/channel_commands/privmsg.cpp
#  Implicit rule search has been done.
#  Implicit/static pattern stem: `srcs/channel_commands/privmsg'
#  File does not exist.
#  File has been updated.
#  Needs to be updated (-q is set).
# automatic
# @ := objects/srcs/channel_commands/privmsg.o
# automatic
# % := 
# automatic
# * := srcs/channel_commands/privmsg
# automatic
# + := srcs/channel_commands/privmsg.cpp
# automatic
# | := 
# automatic
# < := srcs/channel_commands/privmsg.cpp
# automatic
# ^ := srcs/channel_commands/privmsg.cpp
# automatic
# ? := srcs/channel_commands/privmsg.cpp
# variable set hash-table stats:
# Load=8/32=25%, Rehash=0, Collisions=1/16=6%
#  commands to execute (from `Makefile', line 32):
	@mkdir -p $(dir $@)
	${CC} ${CFLAGS} -c $< -o $@ ${INCLUDES}
	

objects/srcs/channel_commands/join.o: srcs/channel_commands/join.cpp
#  Implicit rule search has been done.
#  Implicit/static pattern stem: `srcs/channel_commands/join'
#  Last modified 2023-04-17 10:50:17
#  File has been updated.
#  Successfully updated.
# variable set hash-table stats:
# Load=0/32=0%, Rehash=0, Collisions=0/0=0%
#  commands to execute (from `Makefile', line 32):
	@mkdir -p $(dir $@)
	${CC} ${CFLAGS} -c $< -o $@ ${INCLUDES}
	

all: ircserv
#  Phony target (prerequisite of .PHONY).
#  Command-line target.
#  Implicit rule search has not been done.
#  File does not exist.
#  File has been updated.
#  Needs to be updated (-q is set).
# variable set hash-table stats:
# Load=0/32=0%, Rehash=0, Collisions=0/5=0%

.PHONY: all clean fclean re
#  Implicit rule search has not been done.
#  Modification time never checked.
#  File has not been updated.

objects/srcs/server.o: srcs/server.cpp
#  Implicit rule search has been done.
#  Implicit/static pattern stem: `srcs/server'
#  Last modified 2023-04-17 10:50:14
#  File has been updated.
#  Successfully updated.
# variable set hash-table stats:
# Load=0/32=0%, Rehash=0, Collisions=0/0=0%
#  commands to execute (from `Makefile', line 32):
	@mkdir -p $(dir $@)
	${CC} ${CFLAGS} -c $< -o $@ ${INCLUDES}
	

# Not a target:
srcs/client.cpp:
#  Implicit rule search has been done.
#  Last modified 2023-04-17 10:45:21
#  File has been updated.
#  Successfully updated.
# variable set hash-table stats:
# Load=0/32=0%, Rehash=0, Collisions=0/0=0%

# Not a target:
objects/srcs/channel_commands/part.o:
#  Implicit rule search has not been done.
#  Modification time never checked.
#  File has not been updated.

# Not a target:
.SUFFIXES:
#  Implicit rule search has not been done.
#  Modification time never checked.
#  File has not been updated.

# Not a target:
srcs/channel_commands/privmsg.cpp:
#  Implicit rule search has been done.
#  Last modified 2023-04-17 10:45:29
#  File has been updated.
#  Successfully updated.
# variable set hash-table stats:
# Load=0/32=0%, Rehash=0, Collisions=0/0=0%

# Not a target:
Makefile:
#  Implicit rule search has been done.
#  Last modified 2023-04-17 10:51:02
#  File has been updated.
#  Successfully updated.
# variable set hash-table stats:
# Load=0/32=0%, Rehash=0, Collisions=0/0=0%

objects/srcs/main.o: srcs/main.cpp
#  Implicit rule search has been done.
#  Implicit/static pattern stem: `srcs/main'
#  Last modified 2023-04-17 10:50:13
#  File has been updated.
#  Successfully updated.
# variable set hash-table stats:
# Load=0/32=0%, Rehash=0, Collisions=0/0=0%
#  commands to execute (from `Makefile', line 32):
	@mkdir -p $(dir $@)
	${CC} ${CFLAGS} -c $< -o $@ ${INCLUDES}
	

ircserv: objects/srcs/main.o objects/srcs/function_utils.o objects/srcs/server.o objects/srcs/client.o objects/srcs/client_commands.o objects/srcs/channel.o objects/srcs/channel_commands/join.o objects/srcs/channel_commands/privmsg.o objects/srcs/channel_commands/part.o objects/srcs/channel_commands/topic.o objects/srcs/channel_commands/list.o objects/srcs/connection_commands/quit.o
#  Implicit rule search has not been done.
#  File does not exist.
#  File has been updated.
#  Needs to be updated (-q is set).
# variable set hash-table stats:
# Load=0/32=0%, Rehash=0, Collisions=0/5=0%
#  commands to execute (from `Makefile', line 38):
	${CC} ${CFLAGS} $(OBJS) -o $(NAME)
	

objects/srcs/channel.o: srcs/channel.cpp
#  Implicit rule search has been done.
#  Implicit/static pattern stem: `srcs/channel'
#  Last modified 2023-04-17 10:50:17
#  File has been updated.
#  Successfully updated.
# variable set hash-table stats:
# Load=0/32=0%, Rehash=0, Collisions=0/0=0%
#  commands to execute (from `Makefile', line 32):
	@mkdir -p $(dir $@)
	${CC} ${CFLAGS} -c $< -o $@ ${INCLUDES}
	

# Not a target:
srcs/server.cpp:
#  Implicit rule search has been done.
#  Last modified 2023-04-17 10:45:21
#  File has been updated.
#  Successfully updated.
# variable set hash-table stats:
# Load=0/32=0%, Rehash=0, Collisions=0/0=0%

objects/srcs/client_commands.o: srcs/client_commands.cpp
#  Implicit rule search has been done.
#  Implicit/static pattern stem: `srcs/client_commands'
#  Last modified 2023-04-17 10:50:16
#  File has been updated.
#  Successfully updated.
# variable set hash-table stats:
# Load=0/32=0%, Rehash=0, Collisions=0/0=0%
#  commands to execute (from `Makefile', line 32):
	@mkdir -p $(dir $@)
	${CC} ${CFLAGS} -c $< -o $@ ${INCLUDES}
	

# Not a target:
objects/srcs/channel_commands/list.o:
#  Implicit rule search has not been done.
#  Modification time never checked.
#  File has not been updated.

# Not a target:
objects/srcs/channel_commands/topic.o:
#  Implicit rule search has not been done.
#  Modification time never checked.
#  File has not been updated.

fclean: clean
#  Phony target (prerequisite of .PHONY).
#  Implicit rule search has not been done.
#  File does not exist.
#  File has not been updated.
#  commands to execute (from `Makefile', line 44):
	${RM} ${NAME}
	

# Not a target:
srcs/main.cpp:
#  Implicit rule search has been done.
#  Last modified 2023-04-12 10:31:14
#  File has been updated.
#  Successfully updated.
# variable set hash-table stats:
# Load=0/32=0%, Rehash=0, Collisions=0/0=0%

# Not a target:
srcs/channel.cpp:
#  Implicit rule search has been done.
#  Last modified 2023-04-17 10:45:21
#  File has been updated.
#  Successfully updated.
# variable set hash-table stats:
# Load=0/32=0%, Rehash=0, Collisions=0/0=0%

# Not a target:
.DEFAULT:
#  Implicit rule search has not been done.
#  Modification time never checked.
#  File has not been updated.

# Not a target:
srcs/client_commands.cpp:
#  Implicit rule search has been done.
#  Last modified 2023-04-17 10:45:29
#  File has been updated.
#  Successfully updated.
# variable set hash-table stats:
# Load=0/32=0%, Rehash=0, Collisions=0/0=0%

re: fclean all
#  Phony target (prerequisite of .PHONY).
#  Implicit rule search has not been done.
#  File does not exist.
#  File has not been updated.

clean:
#  Phony target (prerequisite of .PHONY).
#  Implicit rule search has not been done.
#  File does not exist.
#  File has not been updated.
#  commands to execute (from `Makefile', line 41):
	${RM} ${OBJS}
	

objects/srcs/function_utils.o: srcs/function_utils.cpp
#  Implicit rule search has been done.
#  Implicit/static pattern stem: `srcs/function_utils'
#  Last modified 2023-04-17 10:50:13
#  File has been updated.
#  Successfully updated.
# variable set hash-table stats:
# Load=0/32=0%, Rehash=0, Collisions=0/0=0%
#  commands to execute (from `Makefile', line 32):
	@mkdir -p $(dir $@)
	${CC} ${CFLAGS} -c $< -o $@ ${INCLUDES}
	

# Not a target:
objects/srcs/connection_commands/quit.o:
 
#  Implicit rule search has not been done.
#  Modification time never checked.
#  File has not been updated.

objects/srcs/client.o: srcs/client.cpp
#  Implicit rule search has been done.
#  Implicit/static pattern stem: `srcs/client'
#  Last modified 2023-04-17 10:50:15
#  File has been updated.
#  Successfully updated.
# variable set hash-table stats:
# Load=0/32=0%, Rehash=0, Collisions=0/0=0%
#  commands to execute (from `Makefile', line 32):
	@mkdir -p $(dir $@)
	${CC} ${CFLAGS} -c $< -o $@ ${INCLUDES}
	

# Not a target:
srcs/function_utils.cpp:
#  Implicit rule search has been done.
#  Last modified 2023-04-17 10:45:21
#  File has been updated.
#  Successfully updated.
# variable set hash-table stats:
# Load=0/32=0%, Rehash=0, Collisions=0/0=0%

# files hash-table stats:
# Load=29/1024=3%, Rehash=0, Collisions=5/86=6%
# VPATH Search Paths

# No `vpath' search paths.

# No general (`VPATH' variable) search path.

# # of strings in strcache: 1
# # of strcache buffers: 1
# strcache size: total = 4096 / max = 4096 / min = 4096 / avg = 4096
# strcache free: total = 4087 / max = 4087 / min = 4087 / avg = 4087

# Finished Make data base on Mon Apr 17 10:51:32 2023

 
